acom -O3 -e 100 -work mux16 -2008  $dsn/src/mux16_tb.vhd
# Compile Entity "mux8_tb"
# Error: COMP96_0016: mux16_tb.vhd : (9, 1): Design unit declaration expected.
# Compile Architecture "behavioral" of Entity "mux8_tb"
# Error: COMP96_0724: mux16_tb.vhd : (41, 7): ',' or ')' expected.
# Error: COMP96_0015: mux16_tb.vhd : (41, 10): ';' expected.
# Compile failure 3 Errors 0 Warnings  Analysis time :  15.0 [ms]
acom -O3 -e 100 -work mux16 -2008  $dsn/src/mux16_tb.vhd
# Compile Entity "mux8_tb"
# Compile Architecture "behavioral" of Entity "mux8_tb"
# Error: COMP96_0015: mux16_tb.vhd : (21, 26): ':' expected.
# Error: COMP96_0015: mux16_tb.vhd : (22, 11): ')' expected.
# Error: COMP96_0724: mux16_tb.vhd : (39, 7): ',' or ')' expected.
# Error: COMP96_0015: mux16_tb.vhd : (39, 10): ';' expected.
# Compile failure 4 Errors 0 Warnings  Analysis time :  0.0 [ms]
acom -O3 -e 100 -work mux16 -2008  $dsn/src/mux16_tb.vhd
# Compile Entity "mux8_tb"
# Compile Architecture "behavioral" of Entity "mux8_tb"
# Error: COMP96_0015: mux16_tb.vhd : (22, 11): ')' expected.
# Error: COMP96_0724: mux16_tb.vhd : (39, 7): ',' or ')' expected.
# Error: COMP96_0015: mux16_tb.vhd : (39, 10): ';' expected.
# Compile failure 3 Errors 0 Warnings  Analysis time :  0.0 [ms]
acom -O3 -e 100 -work mux16 -2008  $dsn/src/mux16_tb.vhd
# Compile Entity "mux8_tb"
# Compile Architecture "behavioral" of Entity "mux8_tb"
# Error: COMP96_0015: mux16_tb.vhd : (22, 11): ')' expected.
# Error: COMP96_0724: mux16_tb.vhd : (39, 7): ',' or ')' expected.
# Error: COMP96_0015: mux16_tb.vhd : (39, 10): ';' expected.
# Compile failure 3 Errors 0 Warnings  Analysis time :  0.0 [ms]
acom -O3 -e 100 -work mux16 -2008  $dsn/src/mux16_tb.vhd
# Compile Entity "mux8_tb"
# Compile Architecture "behavioral" of Entity "mux8_tb"
# Error: COMP96_0015: mux16_tb.vhd : (22, 15): ')' expected.
# Error: COMP96_0724: mux16_tb.vhd : (39, 7): ',' or ')' expected.
# Error: COMP96_0015: mux16_tb.vhd : (39, 10): ';' expected.
# Compile failure 3 Errors 0 Warnings  Analysis time :  16.0 [ms]
acom -O3 -e 100 -work mux16 -2008  $dsn/src/mux16_tb.vhd
# Compile Entity "mux8_tb"
# Compile Architecture "behavioral" of Entity "mux8_tb"
# Error: COMP96_0015: mux16_tb.vhd : (22, 15): ')' expected.
# Error: COMP96_0724: mux16_tb.vhd : (39, 7): ',' or ')' expected.
# Error: COMP96_0015: mux16_tb.vhd : (39, 10): ';' expected.
# Compile failure 3 Errors 0 Warnings  Analysis time :  0.0 [ms]
acom -O3 -e 100 -work mux16 -2008  $dsn/src/mux16_tb.vhd
# Compile Entity "mux8_tb"
# Compile Architecture "behavioral" of Entity "mux8_tb"
# Error: COMP96_0015: mux16_tb.vhd : (22, 11): ')' expected.
# Error: COMP96_0015: mux16_tb.vhd : (22, 13): ';' expected.
# Error: COMP96_0724: mux16_tb.vhd : (39, 7): ',' or ')' expected.
# Error: COMP96_0015: mux16_tb.vhd : (39, 10): ';' expected.
# Compile failure 4 Errors 0 Warnings  Analysis time :  0.0 [ms]
acom -O3 -e 100 -work mux16 -2008  $dsn/src/mux16_tb.vhd
# Compile Entity "mux8_tb"
# Compile Architecture "behavioral" of Entity "mux8_tb"
# Error: COMP96_0724: mux16_tb.vhd : (39, 7): ',' or ')' expected.
# Error: COMP96_0015: mux16_tb.vhd : (39, 10): ';' expected.
# Compile failure 2 Errors 0 Warnings  Analysis time :  0.0 [ms]
acom -O3 -e 100 -work mux16 -2008  $dsn/src/mux16_tb.vhd
# Compile Entity "mux8_tb"
# Compile Architecture "behavioral" of Entity "mux8_tb"
# Error: COMP96_0078: mux16_tb.vhd : (46, 10): Unknown identifier "R_sig".
# Error: COMP96_0078: mux16_tb.vhd : (54, 31): Unknown identifier "R_sig".
# Error: COMP96_0133: mux16_tb.vhd : (54, 31): Cannot find object declaration.
# Error: COMP96_0149: mux16_tb.vhd : (54, 31): Explicit type conversions are allowed between closely related types only.
# Compile failure 4 Errors 0 Warnings  Analysis time :  0.0 [ms]
acom -O3 -e 100 -work mux16 -2008  $dsn/src/mux16_tb.vhd
# Compile Entity "mux8_tb"
# Compile Architecture "behavioral" of Entity "mux8_tb"
# Compile success 0 Errors 0 Warnings  Analysis time :  63.0 [ms]
acom -O3 -e 100 -work mux16 -2008  $dsn/src/mux16_tb.vhd
# Compile Entity "mux8_tb"
# Compile Architecture "behavioral" of Entity "mux8_tb"
# Compile success 0 Errors 0 Warnings  Analysis time :  78.0 [ms]
# ELBREAD: Elaboration process.
# ELBREAD: Elaboration time 0.0 [s].
# ELBREAD: Elaboration process.
# ELBREAD: Elaboration time 0.0 [s].
asim -O5 +access +r +m+mux8_tb mux8_tb behavioral
# ELBREAD: Elaboration process.
# ELBREAD: Elaboration time 0.0 [s].
# VSIM: Stack memory: 32MB
# VSIM: Retval memory: 32MB
# 
# KERNEL: Main thread initiated.
# KERNEL: Kernel process initialization phase.
# ELAB2: Elaboration final pass...
# ELAB2: Create instances ...
# KERNEL: Time resolution set to 1ps.
# ELAB2: Create instances complete.
# SLP: Started
# SLP: Elaboration phase ...
# SLP: Elaboration phase ... skipped, nothing to simulate in SLP mode : 0.0 [s]
# SLP: Finished : 0.0 [s]
# ELAB2: Elaboration final pass complete - time: 0.0 [s].
# KERNEL: Warning: You are using the Active-HDL EDU Edition. The performance of simulation is running at a reduced rate.
# KERNEL: Warning: Contact Aldec for available upgrade options - sales@aldec.com.
# KERNEL: Kernel process initialization done.
# Allocation: Simulator allocated 5569 kB (elbread=427 elab2=5003 kernel=139 sdf=0)
# KERNEL: ASDB file was created in location C:\Aldec\My_Designs\midterm_project\mux16\src\wave.asdb
#  6:49 PM, Wednesday, October 29, 2025
#  Simulation has been initialized
run
# KERNEL: WARNING: NUMERIC_STD.TO_INTEGER: metavalue detected, returning 0
# KERNEL: Time: 0 ps,  Iteration: 0,  Instance: /mux8_tb/uut,  Process: line__22.
# EXECUTION:: ERROR  : [ERROR]  Failure at mux input : 1
# EXECUTION:: Time: 0 ps,  Iteration: 2,  Instance: /mux8_tb,  Process: test.
# EXECUTION:: ERROR  : [ERROR]  Failure at mux input : 2
# EXECUTION:: Time: 0 ps,  Iteration: 3,  Instance: /mux8_tb,  Process: test.
# EXECUTION:: ERROR  : [ERROR]  Failure at mux input : 3
# EXECUTION:: Time: 0 ps,  Iteration: 4,  Instance: /mux8_tb,  Process: test.
# EXECUTION:: ERROR  : [ERROR]  Failure at mux input : 4
# EXECUTION:: Time: 0 ps,  Iteration: 5,  Instance: /mux8_tb,  Process: test.
# EXECUTION:: ERROR  : [ERROR]  Failure at mux input : 5
# EXECUTION:: Time: 0 ps,  Iteration: 6,  Instance: /mux8_tb,  Process: test.
# EXECUTION:: ERROR  : [ERROR]  Failure at mux input : 6
# EXECUTION:: Time: 0 ps,  Iteration: 7,  Instance: /mux8_tb,  Process: test.
# EXECUTION:: ERROR  : [ERROR]  Failure at mux input : 7
# EXECUTION:: Time: 0 ps,  Iteration: 8,  Instance: /mux8_tb,  Process: test.
# KERNEL: Simulation has finished. There are no more test vectors to simulate.
# VSIM: 2 object(s) traced.
# Waveform file 'untitled.awc' connected to 'C:/Aldec/My_Designs/midterm_project/mux16/src/wave.asdb'.
# VSIM: 1 object(s) traced.
restart
# ELBREAD: Elaboration process.
# ELBREAD: Elaboration time 0.0 [s].
# 
# KERNEL: Main thread initiated.
# KERNEL: Kernel process initialization phase.
# ELAB2: Elaboration final pass...
# ELAB2: Create instances ...
# KERNEL: Time resolution set to 1ps.
# ELAB2: Create instances complete.
# SLP: Started
# SLP: Elaboration phase ...
# SLP: Elaboration phase ... skipped, nothing to simulate in SLP mode : 0.0 [s]
# SLP: Finished : 0.0 [s]
# ELAB2: Elaboration final pass complete - time: 0.0 [s].
# KERNEL: Warning: You are using the Active-HDL EDU Edition. The performance of simulation is running at a reduced rate.
# KERNEL: Warning: Contact Aldec for available upgrade options - sales@aldec.com.
# KERNEL: Kernel process initialization done.
# Allocation: Simulator allocated 5569 kB (elbread=427 elab2=5003 kernel=139 sdf=0)
# KERNEL: ASDB file was created in location C:\Aldec\My_Designs\midterm_project\mux16\src\wave.asdb
#  6:52 PM, Wednesday, October 29, 2025
#  Simulation has been initialized
# Waveform file 'untitled.awc' connected to 'C:/Aldec/My_Designs/midterm_project/mux16/src/wave.asdb'.
run
# KERNEL: WARNING: NUMERIC_STD.TO_INTEGER: metavalue detected, returning 0
# KERNEL: Time: 0 ps,  Iteration: 0,  Instance: /mux8_tb/uut,  Process: line__22.
# EXECUTION:: ERROR  : [ERROR]  Failure at mux input : 1
# EXECUTION:: Time: 0 ps,  Iteration: 2,  Instance: /mux8_tb,  Process: test.
# EXECUTION:: ERROR  : [ERROR]  Failure at mux input : 2
# EXECUTION:: Time: 0 ps,  Iteration: 3,  Instance: /mux8_tb,  Process: test.
# EXECUTION:: ERROR  : [ERROR]  Failure at mux input : 3
# EXECUTION:: Time: 0 ps,  Iteration: 4,  Instance: /mux8_tb,  Process: test.
# EXECUTION:: ERROR  : [ERROR]  Failure at mux input : 4
# EXECUTION:: Time: 0 ps,  Iteration: 5,  Instance: /mux8_tb,  Process: test.
# EXECUTION:: ERROR  : [ERROR]  Failure at mux input : 5
# EXECUTION:: Time: 0 ps,  Iteration: 6,  Instance: /mux8_tb,  Process: test.
# EXECUTION:: ERROR  : [ERROR]  Failure at mux input : 6
# EXECUTION:: Time: 0 ps,  Iteration: 7,  Instance: /mux8_tb,  Process: test.
# EXECUTION:: ERROR  : [ERROR]  Failure at mux input : 7
# EXECUTION:: Time: 0 ps,  Iteration: 8,  Instance: /mux8_tb,  Process: test.
# KERNEL: Simulation has finished. There are no more test vectors to simulate.
acom -O3 -e 100 -work mux16 -2008  $dsn/src/mux16_tb.vhd
# Compile Entity "mux8_tb"
# Compile Architecture "behavioral" of Entity "mux8_tb"
# Compile success 0 Errors 0 Warnings  Analysis time :  31.0 [ms]
restart
# ELBREAD: Elaboration process.
# ELBREAD: Elaboration time 0.0 [s].
# 
# KERNEL: Main thread initiated.
# KERNEL: Kernel process initialization phase.
# ELAB2: Elaboration final pass...
# ELAB2: Create instances ...
# KERNEL: Time resolution set to 1ps.
# ELAB2: Create instances complete.
# SLP: Started
# SLP: Elaboration phase ...
# SLP: Elaboration phase ... skipped, nothing to simulate in SLP mode : 0.0 [s]
# SLP: Finished : 0.0 [s]
# ELAB2: Elaboration final pass complete - time: 0.0 [s].
# KERNEL: Warning: You are using the Active-HDL EDU Edition. The performance of simulation is running at a reduced rate.
# KERNEL: Warning: Contact Aldec for available upgrade options - sales@aldec.com.
# KERNEL: Kernel process initialization done.
# Allocation: Simulator allocated 5569 kB (elbread=427 elab2=5003 kernel=139 sdf=0)
# KERNEL: ASDB file was created in location C:\Aldec\My_Designs\midterm_project\mux16\src\wave.asdb
#  6:52 PM, Wednesday, October 29, 2025
#  Simulation has been initialized
# Waveform file 'untitled.awc' connected to 'C:/Aldec/My_Designs/midterm_project/mux16/src/wave.asdb'.
run
# KERNEL: WARNING: NUMERIC_STD.TO_INTEGER: metavalue detected, returning 0
# KERNEL: Time: 0 ps,  Iteration: 0,  Instance: /mux8_tb/uut,  Process: line__22.
# KERNEL: Simulation has finished. There are no more test vectors to simulate.
acom -O3 -e 100 -work mux16 -2008  $dsn/src/mux16_tb.vhd
# Compile Entity "mux8_tb"
# Compile Architecture "behavioral" of Entity "mux8_tb"
# Error: COMP96_0122: mux16_tb.vhd : (50, 3): Symbol "uut" has already been declared in this scope.
# Compile failure 1 Errors 0 Warnings  Analysis time :  0.0 [ms]
acom -O3 -e 100 -work mux16 -2008  $dsn/src/mux16_tb.vhd
# Compile Entity "mux8_tb"
# Compile Architecture "behavioral" of Entity "mux8_tb"
# Compile success 0 Errors 0 Warnings  Analysis time :  47.0 [ms]
restart
# ELBREAD: Elaboration process.
# ELBREAD: Elaboration time 0.0 [s].
# 
# KERNEL: Main thread initiated.
# KERNEL: Kernel process initialization phase.
# ELAB2: Elaboration final pass...
# ELAB2: Create instances ...
# KERNEL: Time resolution set to 1ps.
# ELAB2: Create instances complete.
# SLP: Started
# SLP: Elaboration phase ...
# SLP: Elaboration phase ... skipped, nothing to simulate in SLP mode : 0.0 [s]
# SLP: Finished : 0.0 [s]
# ELAB2: Elaboration final pass complete - time: 0.0 [s].
# KERNEL: Warning: You are using the Active-HDL EDU Edition. The performance of simulation is running at a reduced rate.
# KERNEL: Warning: Contact Aldec for available upgrade options - sales@aldec.com.
# KERNEL: Kernel process initialization done.
# Allocation: Simulator allocated 6605 kB (elbread=427 elab2=6036 kernel=140 sdf=0)
# KERNEL: ASDB file was created in location C:\Aldec\My_Designs\midterm_project\mux16\src\wave.asdb
#  6:53 PM, Wednesday, October 29, 2025
#  Simulation has been initialized
# Waveform file 'untitled.awc' connected to 'C:/Aldec/My_Designs/midterm_project/mux16/src/wave.asdb'.
# Warning: WAVEFORM: Object matching /mux8_tb/R_sig not found in C:/Aldec/My_Designs/midterm_project/mux16/src/wave.asdb.
run
# KERNEL: WARNING: NUMERIC_STD.TO_INTEGER: metavalue detected, returning 0
# KERNEL: Time: 0 ps,  Iteration: 0,  Instance: /mux8_tb/uut1,  Process: line__22.
# KERNEL: Simulation has finished. There are no more test vectors to simulate.
acom -O3 -e 100 -work mux16 -2008  $dsn/src/mux16_tb.vhd
# Compile Entity "mux8_tb"
# Compile Architecture "behavioral" of Entity "mux8_tb"
# Compile success 0 Errors 0 Warnings  Analysis time :  63.0 [ms]
acom -O3 -e 100 -work mux16 -2008  $dsn/src/mux16_tb.vhd
# Compile Entity "mux8_tb"
# Compile Architecture "behavioral" of Entity "mux8_tb"
# Compile success 0 Errors 0 Warnings  Analysis time :  62.0 [ms]
restart
# ELBREAD: Elaboration process.
# ELBREAD: Elaboration time 0.0 [s].
# 
# KERNEL: Main thread initiated.
# KERNEL: Kernel process initialization phase.
# ELAB2: Elaboration final pass...
# ELAB2: Create instances ...
# KERNEL: Time resolution set to 1ps.
# ELAB2: Create instances complete.
# SLP: Started
# SLP: Elaboration phase ...
# SLP: Elaboration phase ... skipped, nothing to simulate in SLP mode : 0.0 [s]
# SLP: Finished : 0.0 [s]
# ELAB2: Elaboration final pass complete - time: 0.0 [s].
# KERNEL: Warning: You are using the Active-HDL EDU Edition. The performance of simulation is running at a reduced rate.
# KERNEL: Warning: Contact Aldec for available upgrade options - sales@aldec.com.
# KERNEL: Kernel process initialization done.
# Allocation: Simulator allocated 6605 kB (elbread=427 elab2=6037 kernel=140 sdf=0)
# KERNEL: ASDB file was created in location C:\Aldec\My_Designs\midterm_project\mux16\src\wave.asdb
#  6:54 PM, Wednesday, October 29, 2025
#  Simulation has been initialized
# Waveform file 'untitled.awc' connected to 'C:/Aldec/My_Designs/midterm_project/mux16/src/wave.asdb'.
run
# KERNEL: WARNING: NUMERIC_STD.TO_INTEGER: metavalue detected, returning 0
# KERNEL: Time: 0 ps,  Iteration: 0,  Instance: /mux8_tb/uut1,  Process: line__22.
# KERNEL: Simulation has finished. There are no more test vectors to simulate.
# Waveform file 'C:/Aldec/My_Designs/midterm_project/mux16/src/mux16_wf.awc' connected to 'C:/Aldec/My_Designs/midterm_project/mux16/src/mux16_wf.asdb'.
# Adding file C:\Aldec\My_Designs\midterm_project\mux16\src\mux16_wf.asdb ... Done
# Adding file C:\Aldec\My_Designs\midterm_project\mux16\src\mux16_wf.awc ... Done
# Design: Design "alu16" has been set as active.
